<?xml version="1.0" encoding="UTF-8"?>
<!-- Generated by org.testng.reporters.JUnitReportReporter -->
<testsuite hostname="A" failures="0" tests="3" name="RESTAssuredAPIProject.APIAutomation.RESTAssuredTesting.DynamicJSONParse" time="11.927" errors="0" timestamp="2024-11-22T12:13:56 IST" skipped="0">
  <testcase classname="RESTAssuredAPIProject.APIAutomation.RESTAssuredTesting.DynamicJSONParse" name="addBook" time="11.164"/>
  <testcase classname="RESTAssuredAPIProject.APIAutomation.RESTAssuredTesting.DynamicJSONParse" name="addBook" time="0.397"/>
  <testcase classname="RESTAssuredAPIProject.APIAutomation.RESTAssuredTesting.DynamicJSONParse" name="addBook" time="0.366"/>
</testsuite> <!-- RESTAssuredAPIProject.APIAutomation.RESTAssuredTesting.DynamicJSONParse -->
